Application/build/outputs/logs/manifest-merger-debug-report.txt
-- Merging decision tree log ---
manifest
ADDED from src\main\AndroidManifest.xml:17:1-78:12
	package
		ADDED from src\main\AndroidManifest.xml:18:11-34
		INJECTED from src\main\AndroidManifest.xml
		INJECTED from src\main\AndroidManifest.xml
	android:versionName
		ADDED from src\main\AndroidManifest.xml:20:11-36
		INJECTED from src\main\AndroidManifest.xml
		INJECTED from src\main\AndroidManifest.xml
	android:versionCode
		ADDED from src\main\AndroidManifest.xml:19:11-34
		INJECTED from src\main\AndroidManifest.xml
		INJECTED from src\main\AndroidManifest.xml
	xmlns:android
		ADDED from src\main\AndroidManifest.xml:17:11-69
uses-permission#android.permission.RECORD_AUDIO
ADDED from src\main\AndroidManifest.xml:35:5-70
	android:name
		ADDED from src\main\AndroidManifest.xml:35:22-68
uses-permission#android.permission.WRITE_EXTERNAL_STORAGE
ADDED from src\main\AndroidManifest.xml:36:5-80
	android:name
		ADDED from src\main\AndroidManifest.xml:36:22-78
uses-permission#android.permission.BLUETOOTH
ADDED from src\main\AndroidManifest.xml:38:5-67
	android:name
		ADDED from src\main\AndroidManifest.xml:38:22-65
uses-permission#android.permission.BLUETOOTH_ADMIN
ADDED from src\main\AndroidManifest.xml:39:5-73
	android:name
		ADDED from src\main\AndroidManifest.xml:39:22-71
uses-permission#android.permission.MOUNT_UNMOUNT_FILESYSTEMS
ADDED from src\main\AndroidManifest.xml:42:5-83
	android:name
		ADDED from src\main\AndroidManifest.xml:42:22-81
application
ADDED from src\main\AndroidManifest.xml:46:5-76:19
MERGED from [com.android.support:support-v4:23.0.0] AndroidManifest.xml:22:5-20
	android:label
		ADDED from src\main\AndroidManifest.xml:48:9-29
	android:icon
		ADDED from src\main\AndroidManifest.xml:47:9-45
	android:theme
		ADDED from src\main\AndroidManifest.xml:49:9-56
activity#com.hyco.w200.Update
ADDED from src\main\AndroidManifest.xml:50:9-57:20
	android:label
		ADDED from src\main\AndroidManifest.xml:51:19-41
	android:name
		ADDED from src\main\AndroidManifest.xml:50:19-54
intent-filter#android.intent.action.MAIN+android.intent.category.LAUNCHER
ADDED from src\main\AndroidManifest.xml:52:13-56:29
action#android.intent.action.MAIN
ADDED from src\main\AndroidManifest.xml:53:17-68
	android:name
		ADDED from src\main\AndroidManifest.xml:53:25-66
category#android.intent.category.LAUNCHER
ADDED from src\main\AndroidManifest.xml:55:17-76
	android:name
		ADDED from src\main\AndroidManifest.xml:55:27-74
uses-sdk
INJECTED from src\main\AndroidManifest.xml reason: use-sdk injection requested
MERGED from [com.android.support:support-v4:23.0.0] AndroidManifest.xml:20:5-43
	android:targetSdkVersion
		INJECTED from src\main\AndroidManifest.xml
		INJECTED from src\main\AndroidManifest.xml
	android:minSdkVersion
		INJECTED from src\main\AndroidManifest.xml
		INJECTED from src\main\AndroidManifest.xml